0 info it worked if it ends with ok
1 verbose cli [ '/Users/andreabaldo/.nvm/versions/node/v6.10.0/bin/node',
1 verbose cli   '/Users/andreabaldo/.nvm/versions/node/v6.10.0/bin/npm',
1 verbose cli   'run',
1 verbose cli   'precommit' ]
2 info using npm@3.10.10
3 info using node@v6.10.0
4 verbose run-script [ 'precommit' ]
5 info lifecycle FESetup@1.0.0~precommit: FESetup@1.0.0
6 verbose lifecycle FESetup@1.0.0~precommit: unsafe-perm in lifecycle true
7 verbose lifecycle FESetup@1.0.0~precommit: PATH: /Users/andreabaldo/.nvm/versions/node/v6.10.0/lib/node_modules/npm/bin/node-gyp-bin:/Users/andreabaldo/Downloads/WebpackSassStarter/node_modules/.bin:/Users/andreabaldo/.nvm/versions/node/v6.10.0/bin:/Users/andreabaldo/.rbenv/shims:/usr/local/opt/android-sdk/tools:/usr/local/opt/android-sdk/platform-tools:/usr/local/bin:/usr/bin:/bin:/usr/sbin:/sbin:/opt/X11/bin:/Library/Frameworks/Mono.framework/Versions/Current/Commands:/Users/andreabaldo/dev/apache-maven-3.3.9/bin
8 verbose lifecycle FESetup@1.0.0~precommit: CWD: /Users/andreabaldo/Downloads/WebpackSassStarter
9 silly lifecycle FESetup@1.0.0~precommit: Args: [ '-c', 'test' ]
10 silly lifecycle FESetup@1.0.0~precommit: Returned: code: 1  signal: null
11 info lifecycle FESetup@1.0.0~precommit: Failed to exec precommit script
12 verbose stack Error: FESetup@1.0.0 precommit: `test`
12 verbose stack Exit status 1
12 verbose stack     at EventEmitter.<anonymous> (/Users/andreabaldo/.nvm/versions/node/v6.10.0/lib/node_modules/npm/lib/utils/lifecycle.js:255:16)
12 verbose stack     at emitTwo (events.js:106:13)
12 verbose stack     at EventEmitter.emit (events.js:191:7)
12 verbose stack     at ChildProcess.<anonymous> (/Users/andreabaldo/.nvm/versions/node/v6.10.0/lib/node_modules/npm/lib/utils/spawn.js:40:14)
12 verbose stack     at emitTwo (events.js:106:13)
12 verbose stack     at ChildProcess.emit (events.js:191:7)
12 verbose stack     at maybeClose (internal/child_process.js:877:16)
12 verbose stack     at Process.ChildProcess._handle.onexit (internal/child_process.js:226:5)
13 verbose pkgid FESetup@1.0.0
14 verbose cwd /Users/andreabaldo/Downloads/WebpackSassStarter
15 error Darwin 16.4.0
16 error argv "/Users/andreabaldo/.nvm/versions/node/v6.10.0/bin/node" "/Users/andreabaldo/.nvm/versions/node/v6.10.0/bin/npm" "run" "precommit"
17 error node v6.10.0
18 error npm  v3.10.10
19 error code ELIFECYCLE
20 error FESetup@1.0.0 precommit: `test`
20 error Exit status 1
21 error Failed at the FESetup@1.0.0 precommit script 'test'.
21 error Make sure you have the latest version of node.js and npm installed.
21 error If you do, this is most likely a problem with the FESetup package,
21 error not with npm itself.
21 error Tell the author that this fails on your system:
21 error     test
21 error You can get information on how to open an issue for this project with:
21 error     npm bugs FESetup
21 error Or if that isn't available, you can get their info via:
21 error     npm owner ls FESetup
21 error There is likely additional logging output above.
22 verbose exit [ 1, true ]
